<?xml version="1.0" encoding="UTF-8"?>
<testsuite name="broker.services.StockMarketServiceImplTest" tests="17" skipped="0" failures="0" errors="0" timestamp="2019-07-24T12:10:29" hostname="CPX-HB24ZCWLXFO" time="0.035">
  <properties/>
  <testcase name="testGBCEAllShareIndex_PriceZero" classname="broker.services.StockMarketServiceImplTest" time="0.0"/>
  <testcase name="testGetPERatio_InvalidPrice" classname="broker.services.StockMarketServiceImplTest" time="0.0"/>
  <testcase name="testRegisterAndUnregisterStock" classname="broker.services.StockMarketServiceImplTest" time="0.0"/>
  <testcase name="testGetPERatio" classname="broker.services.StockMarketServiceImplTest" time="0.001"/>
  <testcase name="testUnregisterStockNonExist" classname="broker.services.StockMarketServiceImplTest" time="0.0"/>
  <testcase name="testGetDividendYield_CommonStock" classname="broker.services.StockMarketServiceImplTest" time="0.0"/>
  <testcase name="testGetDividendYield_InvalidPrice" classname="broker.services.StockMarketServiceImplTest" time="0.0"/>
  <testcase name="testVolumWeightedStockPrice_NoTrade" classname="broker.services.StockMarketServiceImplTest" time="0.0"/>
  <testcase name="testGetDividendYield_PreferredStock" classname="broker.services.StockMarketServiceImplTest" time="0.0"/>
  <testcase name="testGBCEAllShareIndex" classname="broker.services.StockMarketServiceImplTest" time="0.011"/>
  <testcase name="testRecordTrade" classname="broker.services.StockMarketServiceImplTest" time="0.001"/>
  <testcase name="testRegisterStockDuplicated" classname="broker.services.StockMarketServiceImplTest" time="0.0"/>
  <testcase name="testRecordTrade_InvalidQuantity" classname="broker.services.StockMarketServiceImplTest" time="0.0"/>
  <testcase name="testGBCEAllShareIndex_NoStock" classname="broker.services.StockMarketServiceImplTest" time="0.001"/>
  <testcase name="testRecordTrade_InvalidPrice" classname="broker.services.StockMarketServiceImplTest" time="0.0"/>
  <testcase name="testVolumWeightedStockPrice" classname="broker.services.StockMarketServiceImplTest" time="0.0"/>
  <testcase name="testGetPERatio_DividendZero" classname="broker.services.StockMarketServiceImplTest" time="0.001"/>
  <system-out><![CDATA[]]></system-out>
  <system-err><![CDATA[]]></system-err>
</testsuite>
