<?xml version="1.0" encoding="UTF-8"?>
<testsuite name="broker.models.stocks.StockTest" tests="6" skipped="0" failures="0" errors="0" timestamp="2019-07-24T12:10:29" hostname="CPX-HB24ZCWLXFO" time="0.133">
  <properties/>
  <testcase name="testSetAndGetSymbol" classname="broker.models.stocks.StockTest" time="0.003"/>
  <testcase name="testBaseStock" classname="broker.models.stocks.StockTest" time="0.0"/>
  <testcase name="testSetAndGetLastDividend" classname="broker.models.stocks.StockTest" time="0.004"/>
  <testcase name="testSetAndGetPrice" classname="broker.models.stocks.StockTest" time="0.0"/>
  <testcase name="testSetAndGetTradeRecords" classname="broker.models.stocks.StockTest" time="0.125"/>
  <testcase name="testSetAndGetParValue" classname="broker.models.stocks.StockTest" time="0.0"/>
  <system-out><![CDATA[]]></system-out>
  <system-err><![CDATA[]]></system-err>
</testsuite>
