<?xml version="1.0" encoding="UTF-8"?>
<testsuite name="broker.models.stocks.TestPreferredStock" tests="1" skipped="0" failures="0" errors="0" timestamp="2019-07-24T12:10:29" hostname="CPX-HB24ZCWLXFO" time="0.0">
  <properties/>
  <testcase name="testSetAndGetFixedDividend" classname="broker.models.stocks.TestPreferredStock" time="0.0"/>
  <system-out><![CDATA[]]></system-out>
  <system-err><![CDATA[]]></system-err>
</testsuite>
